<?xml version="1.0" encoding="UTF-8"?>
<!-- Generated by org.testng.reporters.JUnitReportReporter -->
<testsuite hostname="DESKTOP-5EVK54D" failures="0" tests="3" name="testngdiscussion.TestClass1" time="0.019" errors="0" timestamp="2022-12-08T09:57:13 IST" skipped="0">
  <testcase classname="testngdiscussion.TestClass1" name="login" time="0.014"/>
  <system-out/>
  <testcase classname="testngdiscussion.TestClass1" name="home" time="0.001"/>
  <system-out/>
  <testcase classname="testngdiscussion.TestClass1" name="timeline" time="0.004"/>
  <system-out/>
</testsuite> <!-- testngdiscussion.TestClass1 -->
