<?xml version="1.0" encoding="UTF-8"?>
<!-- Generated by org.testng.reporters.JUnitReportReporter -->
<testsuite hostname="DESKTOP-5EVK54D" failures="0" tests="2" name="testngdiscussion.TestCaseDefinition" time="0.022" errors="0" timestamp="2022-12-07T09:10:55 IST" skipped="0">
  <testcase classname="testngdiscussion.TestCaseDefinition" name="testCase1" time="0.019"/>
  <system-out/>
  <testcase classname="testngdiscussion.TestCaseDefinition" name="testCase2" time="0.003"/>
  <system-out/>
</testsuite> <!-- testngdiscussion.TestCaseDefinition -->
