<?xml version="1.0" encoding="UTF-8"?>
<!-- Generated by org.testng.reporters.JUnitReportReporter -->
<testsuite hostname="DESKTOP-5EVK54D" failures="0" tests="3" name="testngdiscussion.InclusionAndExclusionOfTestCases" time="0.021" errors="0" timestamp="2022-12-14T09:31:11 IST" skipped="0">
  <testcase classname="testngdiscussion.InclusionAndExclusionOfTestCases" name="profile" time="0.013"/>
  <system-out/>
  <testcase classname="testngdiscussion.InclusionAndExclusionOfTestCases" name="timeline" time="0.003"/>
  <system-out/>
  <testcase classname="testngdiscussion.InclusionAndExclusionOfTestCases" name="logout" time="0.005"/>
  <system-out/>
</testsuite> <!-- testngdiscussion.InclusionAndExclusionOfTestCases -->
