<?xml version="1.0" encoding="UTF-8"?>
<!-- Generated by org.testng.reporters.JUnitReportReporter -->
<testsuite hostname="DESKTOP-5EVK54D" failures="0" tests="3" name="testngdiscussion.TestClass1" time="0.016" errors="0" timestamp="2022-12-09T09:04:29 IST" skipped="0">
  <testcase classname="testngdiscussion.TestClass1" name="login" time="0.007"/>
  <system-out/>
  <testcase classname="testngdiscussion.TestClass1" name="home" time="0.003"/>
  <system-out/>
  <testcase classname="testngdiscussion.TestClass1" name="timeline" time="0.006"/>
  <system-out/>
</testsuite> <!-- testngdiscussion.TestClass1 -->
