<?xml version="1.0" encoding="UTF-8"?>
<!-- Generated by org.testng.reporters.JUnitReportReporter -->
<testsuite hostname="DESKTOP-5EVK54D" failures="0" tests="2" name="testngdiscussion.ParallelTestTagExecution2" time="18.829" errors="0" timestamp="2022-12-17T09:33:15 IST" skipped="0">
  <testcase classname="testngdiscussion.ParallelTestTagExecution2" name="navToUrl" time="17.011"/>
  <system-out/>
  <testcase classname="testngdiscussion.ParallelTestTagExecution2" name="enterData" time="1.818"/>
  <system-out/>
</testsuite> <!-- testngdiscussion.ParallelTestTagExecution2 -->
