<?xml version="1.0" encoding="UTF-8"?>
<!-- Generated by org.testng.reporters.JUnitReportReporter -->
<testsuite hostname="DESKTOP-5EVK54D" failures="0" tests="2" name="testngdiscussion.Annotations" time="0.036" errors="0" timestamp="2022-12-10T10:03:42 IST" skipped="0">
  <testcase classname="testngdiscussion.Annotations" name="testCase1" time="0.022"/>
  <system-out/>
  <testcase classname="testngdiscussion.Annotations" name="testCase2" time="0.014"/>
  <system-out/>
</testsuite> <!-- testngdiscussion.Annotations -->
