<?xml version="1.0" encoding="UTF-8"?>
<!-- Generated by org.testng.reporters.JUnitReportReporter -->
<testsuite hostname="DESKTOP-5EVK54D" failures="0" tests="2" name="testclasses.LoginTest" time="12.676" errors="0" timestamp="2022-12-23T09:17:36 IST" skipped="0">
  <testcase classname="testclasses.LoginTest" name="validateTitle" time="1.949"/>
  <system-out/>
  <testcase classname="testclasses.LoginTest" name="verifyLogin" time="10.727"/>
  <system-out/>
</testsuite> <!-- testclasses.LoginTest -->
