<?xml version="1.0" encoding="UTF-8"?>
<!-- Generated by org.testng.reporters.JUnitReportReporter -->
<testsuite hostname="DESKTOP-5EVK54D" failures="0" tests="2" name="testngdiscussion.Annotations" time="0.023" errors="0" timestamp="2022-12-09T09:53:17 IST" skipped="0">
  <testcase classname="testngdiscussion.Annotations" name="testCase2" time="0.006"/>
  <system-out/>
  <testcase classname="testngdiscussion.Annotations" name="testCase1" time="0.017"/>
  <system-out/>
</testsuite> <!-- testngdiscussion.Annotations -->
