<?xml version="1.0" encoding="UTF-8"?>
<!-- Generated by org.testng.reporters.JUnitReportReporter -->
<testsuite hostname="DESKTOP-5EVK54D" failures="0" tests="2" name="testngdiscussion.TestClass2" time="0.025" errors="0" timestamp="2022-12-09T09:04:29 IST" skipped="0">
  <testcase classname="testngdiscussion.TestClass2" name="profile" time="0.020"/>
  <system-out/>
  <testcase classname="testngdiscussion.TestClass2" name="logout" time="0.005"/>
  <system-out/>
</testsuite> <!-- testngdiscussion.TestClass2 -->
