<?xml version="1.0" encoding="UTF-8"?>
<!-- Generated by org.testng.reporters.JUnitReportReporter -->
<testsuite hostname="DESKTOP-5EVK54D" failures="0" tests="2" name="testngdiscussion.SingleTestCaseInMultipleBrowser" time="35.684" errors="0" timestamp="2022-12-19T09:55:09 IST" skipped="0">
  <testcase classname="testngdiscussion.SingleTestCaseInMultipleBrowser" name="testCase" time="12.804"/>
  <system-out/>
  <testcase classname="testngdiscussion.SingleTestCaseInMultipleBrowser" name="testCase" time="22.880"/>
  <system-out/>
</testsuite> <!-- testngdiscussion.SingleTestCaseInMultipleBrowser -->
