<?xml version="1.0" encoding="UTF-8"?>
<!-- Generated by org.testng.reporters.JUnitReportReporter -->
<testsuite hostname="DESKTOP-5EVK54D" failures="0" tests="4" name="testngdiscussion.GroupingOfTestCase" time="0.022" errors="0" timestamp="2022-12-13T09:54:04 IST" skipped="0">
  <testcase classname="testngdiscussion.GroupingOfTestCase" name="logout" time="0.003"/>
  <system-out/>
  <testcase classname="testngdiscussion.GroupingOfTestCase" name="timeline" time="0.002"/>
  <system-out/>
  <testcase classname="testngdiscussion.GroupingOfTestCase" name="login" time="0.004"/>
  <system-out/>
  <testcase classname="testngdiscussion.GroupingOfTestCase" name="home" time="0.013"/>
  <system-out/>
</testsuite> <!-- testngdiscussion.GroupingOfTestCase -->
