<?xml version="1.0" encoding="UTF-8"?>
<!-- Generated by org.testng.reporters.JUnitReportReporter -->
<testsuite hostname="DESKTOP-5EVK54D" failures="0" tests="2" name="testngdiscussion.ParallelClassExecution2" time="18.766" errors="0" timestamp="2022-12-16T09:55:16 IST" skipped="0">
  <testcase classname="testngdiscussion.ParallelClassExecution2" name="navToUrl" time="14.665"/>
  <system-out/>
  <testcase classname="testngdiscussion.ParallelClassExecution2" name="enterData" time="4.101"/>
  <system-out/>
</testsuite> <!-- testngdiscussion.ParallelClassExecution2 -->
