<?xml version="1.0" encoding="UTF-8"?>
<!-- Generated by org.testng.reporters.JUnitReportReporter -->
<testsuite hostname="DESKTOP-5EVK54D" failures="0" tests="1" name="testclasses.HomeTest" time="6.923" errors="0" timestamp="2022-12-22T09:55:09 IST" skipped="0">
  <testcase classname="testclasses.HomeTest" name="verifySearch" time="6.923"/>
  <system-out/>
</testsuite> <!-- testclasses.HomeTest -->
