<?xml version="1.0" encoding="UTF-8"?>
<!-- Generated by org.testng.reporters.JUnitReportReporter -->
<testsuite hostname="DESKTOP-5EVK54D" failures="0" tests="2" name="testngdiscussion.ParallelTestTagExecution1" time="24.492" errors="0" timestamp="2022-12-17T09:33:15 IST" skipped="0">
  <testcase classname="testngdiscussion.ParallelTestTagExecution1" name="navToLoginScreen" time="16.411"/>
  <system-out/>
  <testcase classname="testngdiscussion.ParallelTestTagExecution1" name="loginToApp" time="8.081"/>
  <system-out/>
</testsuite> <!-- testngdiscussion.ParallelTestTagExecution1 -->
