<?xml version="1.0" encoding="UTF-8"?>
<!-- Generated by org.testng.reporters.JUnitReportReporter -->
<testsuite hostname="DESKTOP-5EVK54D" failures="0" tests="5" name="testngdiscussion.EnabledKeyword" time="0.020" errors="0" timestamp="2022-12-07T09:50:29 IST" skipped="1">
  <testcase classname="testngdiscussion.EnabledKeyword" name="login" time="0.014"/>
  <system-out/>
  <testcase classname="testngdiscussion.EnabledKeyword" name="home" time="0.002"/>
  <system-out/>
  <testcase classname="testngdiscussion.EnabledKeyword" name="timeline" time="0.002"/>
  <system-out/>
  <testcase classname="testngdiscussion.EnabledKeyword" name="logout" time="0.002"/>
  <system-out/>
  <testcase classname="testngdiscussion.EnabledKeyword" name="profile">
    <skipped/>
  </testcase> <!-- profile -->
  <system-out/>
</testsuite> <!-- testngdiscussion.EnabledKeyword -->
