<?xml version="1.0" encoding="UTF-8"?>
<!-- Generated by org.testng.reporters.JUnitReportReporter -->
<testsuite hostname="DESKTOP-5EVK54D" failures="0" tests="2" name="testngdiscussion.ParameterizationOfTestCase" time="9.570" errors="0" timestamp="2022-12-17T10:10:45 IST" skipped="0">
  <testcase classname="testngdiscussion.ParameterizationOfTestCase" name="edgeTestCase" time="0.002"/>
  <system-out/>
  <testcase classname="testngdiscussion.ParameterizationOfTestCase" name="chromeTestCase" time="9.568"/>
  <system-out/>
</testsuite> <!-- testngdiscussion.ParameterizationOfTestCase -->
