<?xml version="1.0" encoding="UTF-8"?>
<!-- Generated by org.testng.reporters.JUnitReportReporter -->
<testsuite hostname="DESKTOP-5EVK54D" failures="0" tests="2" name="testngdiscussion.TestCases" time="34.022" errors="0" timestamp="2022-12-15T08:56:51 IST" skipped="0">
  <testcase classname="testngdiscussion.TestCases" name="navToLoginScreen" time="30.790"/>
  <system-out/>
  <testcase classname="testngdiscussion.TestCases" name="loginToApp" time="3.232"/>
  <system-out/>
</testsuite> <!-- testngdiscussion.TestCases -->
