<?xml version="1.0" encoding="UTF-8"?>
<!-- Generated by org.testng.reporters.JUnitReportReporter -->
<testsuite hostname="DESKTOP-5EVK54D" failures="0" tests="2" name="testngdiscussion.AmazonSearchPage" time="16.290" errors="0" timestamp="2022-12-09T09:34:40 IST" skipped="0">
  <testcase classname="testngdiscussion.AmazonSearchPage" name="searchProduct" time="4.301"/>
  <system-out/>
  <testcase classname="testngdiscussion.AmazonSearchPage" name="login" time="11.989"/>
  <system-out/>
</testsuite> <!-- testngdiscussion.AmazonSearchPage -->
