<?xml version="1.0" encoding="UTF-8"?>
<!-- Generated by org.testng.reporters.JUnitReportReporter -->
<testsuite hostname="DESKTOP-5EVK54D" failures="0" tests="2" name="testclasses.LoginTest" time="5.337" errors="0" timestamp="2022-12-22T09:55:09 IST" skipped="0">
  <testcase classname="testclasses.LoginTest" name="validateTitle" time="0.934"/>
  <system-out/>
  <testcase classname="testclasses.LoginTest" name="verifyLogin" time="4.403"/>
  <system-out/>
</testsuite> <!-- testclasses.LoginTest -->
