<?xml version="1.0" encoding="UTF-8"?>
<!-- Generated by org.testng.reporters.JUnitReportReporter -->
<testsuite hostname="DESKTOP-5EVK54D" failures="0" tests="23" name="testngdiscussion.DPTest" time="0.151" errors="0" timestamp="2023-01-11T20:05:55 IST" skipped="0">
  <testcase classname="testngdiscussion.DPTest" name="testCase" time="0.002"/>
  <system-out/>
  <testcase classname="testngdiscussion.DPTest" name="testCase" time="0.009"/>
  <system-out/>
  <testcase classname="testngdiscussion.DPTest" name="testCase" time="0.002"/>
  <system-out/>
  <testcase classname="testngdiscussion.DPTest" name="testCase" time="0.004"/>
  <system-out/>
  <testcase classname="testngdiscussion.DPTest" name="testCase" time="0.016"/>
  <system-out/>
  <testcase classname="testngdiscussion.DPTest" name="testCase" time="0.003"/>
  <system-out/>
  <testcase classname="testngdiscussion.DPTest" name="testCase" time="0.014"/>
  <system-out/>
  <testcase classname="testngdiscussion.DPTest" name="testCase" time="0.010"/>
  <system-out/>
  <testcase classname="testngdiscussion.DPTest" name="testCase" time="0.004"/>
  <system-out/>
  <testcase classname="testngdiscussion.DPTest" name="testCase" time="0.002"/>
  <system-out/>
  <testcase classname="testngdiscussion.DPTest" name="testCase" time="0.001"/>
  <system-out/>
  <testcase classname="testngdiscussion.DPTest" name="testCase" time="0.001"/>
  <system-out/>
  <testcase classname="testngdiscussion.DPTest" name="testCase" time="0.003"/>
  <system-out/>
  <testcase classname="testngdiscussion.DPTest" name="testCase" time="0.003"/>
  <system-out/>
  <testcase classname="testngdiscussion.DPTest" name="testCase" time="0.004"/>
  <system-out/>
  <testcase classname="testngdiscussion.DPTest" name="testCase" time="0.030"/>
  <system-out/>
  <testcase classname="testngdiscussion.DPTest" name="testCase" time="0.011"/>
  <system-out/>
  <testcase classname="testngdiscussion.DPTest" name="testCase" time="0.004"/>
  <system-out/>
  <testcase classname="testngdiscussion.DPTest" name="testCase" time="0.002"/>
  <system-out/>
  <testcase classname="testngdiscussion.DPTest" name="testCase" time="0.006"/>
  <system-out/>
  <testcase classname="testngdiscussion.DPTest" name="testCase" time="0.010"/>
  <system-out/>
  <testcase classname="testngdiscussion.DPTest" name="testCase" time="0.006"/>
  <system-out/>
  <testcase classname="testngdiscussion.DPTest" name="testCase" time="0.004"/>
  <system-out/>
</testsuite> <!-- testngdiscussion.DPTest -->
