<?xml version="1.0" encoding="UTF-8"?>
<!-- Generated by org.testng.reporters.JUnitReportReporter -->
<testsuite hostname="DESKTOP-5EVK54D" failures="0" tests="5" name="testngdiscussion.InvocationCountKeyword" time="0.030" errors="0" timestamp="2022-12-07T09:36:40 IST" skipped="0">
  <testcase classname="testngdiscussion.InvocationCountKeyword" name="testcase1" time="0.004"/>
  <system-out/>
  <testcase classname="testngdiscussion.InvocationCountKeyword" name="testcase1" time="0.003"/>
  <system-out/>
  <testcase classname="testngdiscussion.InvocationCountKeyword" name="testcase1" time="0.015"/>
  <system-out/>
  <testcase classname="testngdiscussion.InvocationCountKeyword" name="testcase1" time="0.004"/>
  <system-out/>
  <testcase classname="testngdiscussion.InvocationCountKeyword" name="testcase1" time="0.004"/>
  <system-out/>
</testsuite> <!-- testngdiscussion.InvocationCountKeyword -->
