<?xml version="1.0" encoding="UTF-8"?>
<!-- Generated by org.testng.reporters.JUnitReportReporter -->
<testsuite hostname="DESKTOP-5EVK54D" failures="0" tests="2" name="testngdiscussion.AmazonLoginPage" time="21.554" errors="0" timestamp="2022-12-09T09:27:02 IST" skipped="0">
  <testcase classname="testngdiscussion.AmazonLoginPage" name="searchProduct" time="4.416"/>
  <system-out/>
  <testcase classname="testngdiscussion.AmazonLoginPage" name="login" time="17.138"/>
  <system-out/>
</testsuite> <!-- testngdiscussion.AmazonLoginPage -->
