<?xml version="1.0" encoding="UTF-8"?>
<!-- Generated by org.testng.reporters.JUnitReportReporter -->
<testsuite hostname="DESKTOP-5EVK54D" failures="0" tests="1" name="testclasses.LoginTest" time="7.824" errors="0" timestamp="2022-12-21T09:56:43 IST" skipped="0">
  <testcase classname="testclasses.LoginTest" name="verifyLogin" time="7.824"/>
  <system-out/>
</testsuite> <!-- testclasses.LoginTest -->
