<?xml version="1.0" encoding="UTF-8"?>
<!-- Generated by org.testng.reporters.JUnitReportReporter -->
<testsuite hostname="DESKTOP-5EVK54D" failures="0" tests="5" name="testngdiscussion.PriorityKeyword" time="0.031" errors="0" timestamp="2022-12-07T09:31:19 IST" skipped="0">
  <testcase classname="testngdiscussion.PriorityKeyword" name="profile" time="0.016"/>
  <system-out/>
  <testcase classname="testngdiscussion.PriorityKeyword" name="login" time="0.005"/>
  <system-out/>
  <testcase classname="testngdiscussion.PriorityKeyword" name="timeline" time="0.003"/>
  <system-out/>
  <testcase classname="testngdiscussion.PriorityKeyword" name="home" time="0.001"/>
  <system-out/>
  <testcase classname="testngdiscussion.PriorityKeyword" name="logout" time="0.006"/>
  <system-out/>
</testsuite> <!-- testngdiscussion.PriorityKeyword -->
