<?xml version="1.0" encoding="UTF-8"?>
<!-- Generated by org.testng.reporters.JUnitReportReporter -->
<testsuite hostname="DESKTOP-5EVK54D" failures="0" tests="3" name="testngdiscussion.GroupingOfTestCase2" time="0.010" errors="0" timestamp="2022-12-14T09:16:20 IST" skipped="0">
  <testcase classname="testngdiscussion.GroupingOfTestCase2" name="addImage" time="0.004"/>
  <system-out/>
  <testcase classname="testngdiscussion.GroupingOfTestCase2" name="updateProfile" time="0.003"/>
  <system-out/>
  <testcase classname="testngdiscussion.GroupingOfTestCase2" name="deleteProfile" time="0.003"/>
  <system-out/>
</testsuite> <!-- testngdiscussion.GroupingOfTestCase2 -->
