<?xml version="1.0" encoding="UTF-8"?>
<!-- Generated by org.testng.reporters.JUnitReportReporter -->
<testsuite hostname="DESKTOP-5EVK54D" failures="0" tests="1" name="testngdiscussion.GoIbibo" time="23.894" errors="0" timestamp="2023-01-09T09:57:32 IST" skipped="0">
  <testcase classname="testngdiscussion.GoIbibo" name="enterCityName" time="23.894"/>
  <system-out/>
</testsuite> <!-- testngdiscussion.GoIbibo -->
