<?xml version="1.0" encoding="UTF-8"?>
<!-- Generated by org.testng.reporters.JUnitReportReporter -->
<testsuite hostname="DESKTOP-5EVK54D" failures="0" tests="1" name="popuphandling.Annotations3" time="0.007" errors="0" timestamp="2022-12-10T10:03:42 IST" skipped="0">
  <testcase classname="popuphandling.Annotations3" name="testCase4" time="0.007"/>
  <system-out/>
</testsuite> <!-- popuphandling.Annotations3 -->
