<?xml version="1.0" encoding="UTF-8"?>
<!-- Generated by org.testng.reporters.JUnitReportReporter -->
<testsuite hostname="DESKTOP-5EVK54D" failures="0" tests="1" name="testngdiscussion.ParallelTestTagExecution3" time="20.172" errors="0" timestamp="2022-12-17T09:33:15 IST" skipped="0">
  <testcase classname="testngdiscussion.ParallelTestTagExecution3" name="autoSuggestions" time="20.172"/>
  <system-out/>
</testsuite> <!-- testngdiscussion.ParallelTestTagExecution3 -->
